<?xml version="1.0" encoding="UTF-8"?>
<!-- Generated by org.testng.reporters.JUnitXMLReporter -->
<testsuite ignored="2" hostname="Ankits-MacBook-Pro.local" failures="0" tests="1" name="Default test" time="3.24" errors="0" timestamp="27 Jun 2019 07:33:38 GMT">
  <testcase classname="com.w2a.testcases.LoginTest" name="loginAsBankManager" time="3.224"/>
  <testcase classname="com.w2a.base.TestBase" name="@BeforeSuite setUp" time="0.0">
    <ignored/>
  </testcase> <!-- @BeforeSuite setUp -->
  <testcase classname="com.w2a.base.TestBase" name="@AfterSuite tearDown" time="0.0">
    <ignored/>
  </testcase> <!-- @AfterSuite tearDown -->
</testsuite> <!-- Default test -->
