<?xml version="1.0" encoding="UTF-8"?>
<!-- Generated by org.testng.reporters.JUnitXMLReporter -->
<testsuite ignored="2" hostname="Ankits-MacBook-Pro.local" failures="0" tests="1" name="Default test" time="12.96" errors="0" timestamp="04 Jul 2019 18:04:28 GMT">
  <testcase classname="com.w2a.testcases.LoginTest" name="login" time="12.929"/>
  <testcase classname="com.w2a.base.TestBase" name="@BeforeSuite setUp" time="0.0">
    <ignored/>
  </testcase> <!-- @BeforeSuite setUp -->
  <testcase classname="com.w2a.base.TestBase" name="@AfterSuite tearDown" time="0.0">
    <ignored/>
  </testcase> <!-- @AfterSuite tearDown -->
</testsuite> <!-- Default test -->
