<?xml version="1.0" encoding="UTF-8"?>
<testng-results ignored="0" total="1" passed="1" failed="0" skipped="0">
  <reporter-output>
  </reporter-output>
  <suite started-at="2019-06-27T10:06:14Z" name="Data Driven Basics" finished-at="2019-06-27T10:06:17Z" duration-ms="3200">
    <groups>
    </groups>
    <test started-at="2019-06-27T10:06:14Z" name="LoginTest" finished-at="2019-06-27T10:06:17Z" duration-ms="3200">
      <class name="com.w2a.testcases.LoginTest">
        <test-method is-config="true" signature="setUp()[pri:0, instance:com.w2a.testcases.LoginTest@1700915]" started-at="2019-06-27T10:06:08Z" name="setUp" finished-at="2019-06-27T10:06:14Z" duration-ms="5599" status="PASS">
          <reporter-output>
          </reporter-output>
        </test-method> <!-- setUp -->
        <test-method signature="loginAsBankManager()[pri:0, instance:com.w2a.testcases.LoginTest@1700915]" started-at="2019-06-27T10:06:14Z" name="loginAsBankManager" finished-at="2019-06-27T10:06:17Z" duration-ms="3184" status="PASS">
          <reporter-output>
          </reporter-output>
        </test-method> <!-- loginAsBankManager -->
        <test-method is-config="true" signature="tearDown()[pri:0, instance:com.w2a.testcases.LoginTest@1700915]" started-at="2019-06-27T10:06:17Z" name="tearDown" finished-at="2019-06-27T10:06:18Z" duration-ms="596" status="PASS">
          <reporter-output>
          </reporter-output>
        </test-method> <!-- tearDown -->
      </class> <!-- com.w2a.testcases.LoginTest -->
    </test> <!-- LoginTest -->
  </suite> <!-- Data Driven Basics -->
</testng-results>
