<?xml version="1.0" encoding="UTF-8"?>
<testng-results ignored="2" total="3" passed="1" failed="0" skipped="0">
  <reporter-output>
  </reporter-output>
  <suite started-at="2019-06-27T07:33:34Z" name="Default suite" finished-at="2019-06-27T07:33:38Z" duration-ms="3240">
    <groups>
    </groups>
    <test started-at="2019-06-27T07:33:34Z" name="Default test" finished-at="2019-06-27T07:33:38Z" duration-ms="3240">
      <class name="com.w2a.testcases.LoginTest">
        <test-method is-config="true" signature="setUp()[pri:0, instance:com.w2a.testcases.LoginTest@475e586c]" started-at="2019-06-27T07:33:29Z" name="setUp" finished-at="2019-06-27T07:33:34Z" duration-ms="5496" status="PASS">
          <reporter-output>
          </reporter-output>
        </test-method> <!-- setUp -->
        <test-method signature="loginAsBankManager()[pri:0, instance:com.w2a.testcases.LoginTest@475e586c]" started-at="2019-06-27T07:33:34Z" name="loginAsBankManager" finished-at="2019-06-27T07:33:38Z" duration-ms="3224" status="PASS">
          <reporter-output>
          </reporter-output>
        </test-method> <!-- loginAsBankManager -->
        <test-method is-config="true" signature="tearDown()[pri:0, instance:com.w2a.testcases.LoginTest@475e586c]" started-at="2019-06-27T07:33:38Z" name="tearDown" finished-at="2019-06-27T07:33:38Z" duration-ms="722" status="PASS">
          <reporter-output>
          </reporter-output>
        </test-method> <!-- tearDown -->
      </class> <!-- com.w2a.testcases.LoginTest -->
    </test> <!-- Default test -->
  </suite> <!-- Default suite -->
</testng-results>
